This is pdfTeX, Version 3.1415926-1.40.10 (TeX Live 2009/Debian) (format=latex 2012.3.7)  14 MAY 2013 16:38
entering extended mode
 %&-line parsing enabled.
**draft.tex
(./draft.tex
LaTeX2e <2009/09/24>
Babel <v3.8l> and hyphenation patterns for english, usenglishmax, dumylang, noh
yphenation, loaded.
(./emulateapj.cls
Document Class: emulateapj 
\bibbaselineskip=\skip41
(/usr/share/texmf-texlive/tex/latex/revtex/revtex4-1.cls
Document Class: revtex4-1 2009/10/08:11:23 4.1g (http://publish.aps.org/revtex4
/ for documentation)
 Copyright (c) 2009 The American Physical Society.
 mailto:revtex@aps.org
 Licensed under the LPPL:
http://www.ctan.org/tex-archive/macros/latex/base/lppl.txt
 Arthur Ogawa <arthur_ogawa at sbcglobal dot net>
 Based on work by David Carlisle <david at dcarlisle.demon.co.uk>.
ltxutil [2009/07/07 4.1f]: portions licensed from W. E. Baxter (web at superscr
ipt.com)
LaTeX Info: Redefining \@centercr on input line 298.
Class revtex4-1 Info: Repairing broken LaTeX eqnarray on input line 348.
\eqncolsep=\skip42
Class revtex4-1 Info: Repairing hyperref-unfriendly LaTeX definition of \mpfoot
note on input line 423.
Class revtex4-1 Info: Repairing broken LateX \@sect on input line 754.
\intertabularlinepenalty=\count79
\@tbpen=\count80
\@arstrutbox@hline=\box26
Class revtex4-1 Info: Repairing broken LaTeX \@xbitor on input line 1785.
Class revtex4-1 Info: Making \typeout \long on input line 1953.
ltxfront [2009/10/06/20:20 4.1g]: Arthur Ogawa (after David P. Carlisle)
\c@affil=\count81
\c@collab=\count82
\absbox=\box27
ltxgrid [2009/07/07 4.1f]: portions licensed from W. E. Baxter (web at superscr
ipt.com)
\c@linecount=\count83
\output@latex=\toks14
\box@size@1=\box28
\box@size@2=\box29
\@protection@box=\box30
\@topmark@saved=\toks15
\footins@saved=\box31
\pagesofar=\box32
\footsofar=\box33
\pagegrid@col=\count84
Class revtex4-1 Info: Overriding \@vspace, \@vspacer, \@no@pgbk, \@newline, and
 \\  on input line 5346.
\c@part=\count85
\c@section=\count86
\c@subsection=\count87
\c@subsubsection=\count88
\c@paragraph=\count89
\c@subparagraph=\count90
\abovecaptionskip=\skip43
\belowcaptionskip=\skip44
\c@figure=\count91
\fbox@1=\box34
\c@table=\count92
\fbox@2=\box35
\c@video=\count93
\fbox@4=\box36
\@bibdataout=\write3
\widetext@top=\box37
\widetext@bot=\box38

Class revtex4-1 Warning: No Society specified, using default society aps.

(/usr/share/texmf-texlive/tex/latex/revtex/aps4-1.rtx
File: aps4-1 2009/10/08:11:23 4.1g (http://publish.aps.org/revtex4/ for documen
tation)
Class revtex4-1 Info: RevTeX society APS selected on input line 31.
)

Class revtex4-1 Warning: No journal specified, using default pra.

Class revtex4-1 Info: APS journal PRA selected on input line 7233.

Class revtex4-1 Warning: No type size specified, using default 10.

(/usr/share/texmf-texlive/tex/latex/revtex/aps10pt4-1.rtx
File: aps10pt4-1 2009/10/08:11:23 4.1g (http://publish.aps.org/revtex4/ for doc
umentation)
Class revtex4-1 Info: RevTeX pointsize 10pt selected on input line 30.
)
(/usr/share/texmf-texlive/tex/latex/textcase/textcase.sty
Package: textcase 2004/10/07 v0.07 Text only upper/lower case changing (DPC)
)
(/usr/share/texmf-texlive/tex/latex/ltxmisc/url.sty
\Urlmuskip=\muskip10
Package: url 2006/04/12  ver 3.3  Verb mode for urls, etc.
)
(/usr/share/texmf-texlive/tex/latex/natbib/natbib.sty
Package: natbib 2009/07/16 8.31 (PWD, AO)
\bibhang=\skip45
\bibsep=\skip46
LaTeX Info: Redefining \cite on input line 694.
\c@NAT@ctr=\count94
)
(/usr/share/texmf-texlive/tex/latex/revtex/revsymb4-1.sty
Package: revsymb4-1 2009/10/08:11:23 4.1g (http://publish.aps.org/revtex4/ for 
documentation)
LaTeX Info: Redefining \REV@mathfrak on input line 119.
))
(/usr/share/texmf-texlive/tex/latex/base/latexsym.sty
Package: latexsym 1998/08/17 v2.2e Standard LaTeX package (lasy symbols)
\symlasy=\mathgroup4
LaTeX Font Info:    Overwriting symbol font `lasy' in version `bold'
(Font)                  U/lasy/m/n --> U/lasy/b/n on input line 47.
)
(/usr/share/texmf-texlive/tex/latex/graphics/graphicx.sty
Package: graphicx 1999/02/16 v1.0f Enhanced LaTeX Graphics (DPC,SPQR)

(/usr/share/texmf-texlive/tex/latex/graphics/keyval.sty
Package: keyval 1999/03/16 v1.13 key=value parser (DPC)
\KV@toks@=\toks16
)
(/usr/share/texmf-texlive/tex/latex/graphics/graphics.sty
Package: graphics 2009/02/05 v1.0o Standard LaTeX Graphics (DPC,SPQR)

(/usr/share/texmf-texlive/tex/latex/graphics/trig.sty
Package: trig 1999/03/16 v1.09 sin cos tan (DPC)
)
(/etc/texmf/tex/latex/config/graphics.cfg
File: graphics.cfg 2009/08/28 v1.8 graphics configuration of TeX Live
)
Package graphics Info: Driver file: dvips.def on input line 91.

(/usr/share/texmf-texlive/tex/latex/graphics/dvips.def
File: dvips.def 1999/02/16 v3.0i Driver-dependant file (DPC,SPQR)
))
\Gin@req@height=\dimen102
\Gin@req@width=\dimen103
)
(/usr/share/texmf-texlive/tex/latex/amsfonts/amssymb.sty
Package: amssymb 2009/06/22 v3.00

(/usr/share/texmf-texlive/tex/latex/amsfonts/amsfonts.sty
Package: amsfonts 2009/06/22 v3.00 Basic AMSFonts support
\@emptytoks=\toks17
\symAMSa=\mathgroup5
\symAMSb=\mathgroup6
LaTeX Font Info:    Overwriting math alphabet `\mathfrak' in version `bold'
(Font)                  U/euf/m/n --> U/euf/b/n on input line 96.
LaTeX Info: Redefining \frak on input line 99.
LaTeX Info: Redefining \Bbb on input line 101.
))
(/usr/share/texmf-texlive/tex/latex/tools/longtable.sty
Package: longtable 2004/02/01 v4.11 Multi-page Table package (DPC)
\LTleft=\skip47
\LTright=\skip48
\LTpre=\skip49
\LTpost=\skip50
\LTchunksize=\count95
\LTcapwidth=\dimen104
\LT@head=\box39
\LT@firsthead=\box40
\LT@foot=\box41
\LT@lastfoot=\box42
\LT@cols=\count96
\LT@rows=\count97
\c@LT@tables=\count98
\c@LT@chunks=\count99
\LT@p@ftn=\toks18
)
(/usr/share/texmf-texlive/tex/generic/epsf/epsf.sty
This is `epsf.tex' v2.7.3 <23 July 2005>
\epsffilein=\read1
\epsfframemargin=\dimen105
\epsfframethickness=\dimen106
\epsfrsize=\dimen107
\epsftmp=\dimen108
\epsftsize=\dimen109
\epsfxsize=\dimen110
\epsfysize=\dimen111
\pspoints=\dimen112
)
\c@front@matter@foot@note=\count100
\alt@affil@toks=\toks19
\alt@affil@toks@count=\toks20
\keys@width=\skip51
\c@lastfootnote=\count101
\c@remember@figure@num=\count102
\c@remember@table@num=\count103
\bibindent=\dimen113
\plot@width=\skip52
\c@table@save=\count104
\table@note@skip=\skip53
\deluxe@table@width=\skip54
\@d@t@a=\skip55
\c@deluxe@table@num=\count105
\abovedeluxetableskip=\skip56
\belowdeluxetableskip=\skip57
\lastrowheight=\dimen114
\DT@p@ftn=\toks21
\pt@column=\count106
\pt@ncol=\count107
) (/usr/share/texmf-texlive/tex/latex/graphics/color.sty
Package: color 2005/11/14 v1.0j Standard LaTeX Color (DPC)

(/etc/texmf/tex/latex/config/color.cfg
File: color.cfg 2007/01/18 v1.5 color configuration of teTeX/TeXLive
)
Package color Info: Driver file: dvips.def on input line 130.

(/usr/share/texmf-texlive/tex/latex/graphics/dvipsnam.def
File: dvipsnam.def 1999/02/16 v3.0i Driver-dependant file (DPC,SPQR)
))
(/usr/share/texmf-texlive/tex/latex/amsmath/amsmath.sty
Package: amsmath 2000/07/18 v2.13 AMS math features
\@mathmargin=\skip58

For additional information on amsmath, use the `?' option.
(/usr/share/texmf-texlive/tex/latex/amsmath/amstext.sty
Package: amstext 2000/06/29 v2.01

(/usr/share/texmf-texlive/tex/latex/amsmath/amsgen.sty
File: amsgen.sty 1999/11/30 v2.0
\@emptytoks=\toks22
\ex@=\dimen115
)
LaTeX Info: Redefining \text on input line 53.
)
(/usr/share/texmf-texlive/tex/latex/amsmath/amsbsy.sty
Package: amsbsy 1999/11/29 v1.2d
\pmbraise@=\dimen116
)
(/usr/share/texmf-texlive/tex/latex/amsmath/amsopn.sty
Package: amsopn 1999/12/14 v2.01 operator names
)
\inf@bad=\count108
LaTeX Info: Redefining \frac on input line 211.
\uproot@=\count109
\leftroot@=\count110
LaTeX Info: Redefining \overline on input line 307.
\classnum@=\count111
\DOTSCASE@=\count112
LaTeX Info: Redefining \ldots on input line 379.
LaTeX Info: Redefining \dots on input line 382.
LaTeX Info: Redefining \cdots on input line 467.
\Mathstrutbox@=\box43
\strutbox@=\box44
\big@size=\dimen117
LaTeX Font Info:    Redeclaring font encoding OML on input line 567.
LaTeX Font Info:    Redeclaring font encoding OMS on input line 568.
\macc@depth=\count113
\c@MaxMatrixCols=\count114
\dotsspace@=\muskip11
\c@parentequation=\count115
\dspbrk@lvl=\count116
\tag@help=\toks23
\row@=\count117
\column@=\count118
\maxfields@=\count119
\andhelp@=\toks24
\eqnshift@=\dimen118
\alignsep@=\dimen119
\tagshift@=\dimen120
\tagwidth@=\dimen121
\totwidth@=\dimen122
\lineht@=\dimen123
\@envbody=\toks25
\multlinegap=\skip59
\multlinetaggap=\skip60
\mathdisplay@stack=\toks26
LaTeX Info: Redefining \[ on input line 2666.
LaTeX Info: Redefining \] on input line 2667.
)
Class revtex4-1 Info: Patching LaTeX tabular. on input line 13.
Class revtex4-1 Info: Patching longtable package on input line 13.
Class revtex4-1 Info: Robustifying \LaTeX's \boldmath command on input line 13.

Class revtex4-1 Info: cite was not loaded (OK!) on input line 13.
Class revtex4-1 Info: mcite was not loaded (OK!) on input line 13.
Class revtex4-1 Info: multicol was not loaded (OK!) on input line 13.
 (./draft.aux)
\openout1 = `draft.aux'.

LaTeX Font Info:    Checking defaults for OML/cmm/m/it on input line 13.
LaTeX Font Info:    ... okay on input line 13.
LaTeX Font Info:    Checking defaults for T1/cmr/m/n on input line 13.
LaTeX Font Info:    ... okay on input line 13.
LaTeX Font Info:    Checking defaults for OT1/cmr/m/n on input line 13.
LaTeX Font Info:    ... okay on input line 13.
LaTeX Font Info:    Checking defaults for OMS/cmsy/m/n on input line 13.
LaTeX Font Info:    ... okay on input line 13.
LaTeX Font Info:    Checking defaults for OMX/cmex/m/n on input line 13.
LaTeX Font Info:    ... okay on input line 13.
LaTeX Font Info:    Checking defaults for U/cmr/m/n on input line 13.
LaTeX Font Info:    ... okay on input line 13.
\openout3 = `draftNotes.bib'.

LaTeX Font Info:    Try loading font information for U+lasy on input line 33.

(/usr/share/texmf-texlive/tex/latex/base/ulasy.fd
File: ulasy.fd 1998/08/17 v2.2e LaTeX symbol font definitions
)
LaTeX Font Info:    Try loading font information for U+msa on input line 33.

(/usr/share/texmf-texlive/tex/latex/amsfonts/umsa.fd
File: umsa.fd 2009/06/22 v3.00 AMS symbols A
)
LaTeX Font Info:    Try loading font information for U+msb on input line 33.

(/usr/share/texmf-texlive/tex/latex/amsfonts/umsb.fd
File: umsb.fd 2009/06/22 v3.00 AMS symbols B
)

Class revtex4-1 Warning: Assuming \noaffiliation for Eamon O'Gorman\textsupersc
ript {1}, Graham M. Harper\textsuperscript {1}, Alexander Brown\textsuperscript
 {2}, Stephen Drake\textsuperscript {3}, and Anita M. S. Richards\textsuperscri
pt {4}.

Missing character: There is no â in font cmr10!
Missing character: There is no € in font cmr10!
Missing character: There is no ™ in font cmr10!
[1]
Overfull \hbox (4.75888pt too wide) in paragraph at lines 55--82
 []$[]$ 
 []

[2]
Underfull \hbox (badness 2856) in paragraph at lines 184--185
[]\OT1/cmr/m/n/10 The data were flagged, cal-i-brated, and im-aged
 []

[3] [4]
File: fig0.ps Graphic file (type eps)
 <fig0.ps>
File: fig1.ps Graphic file (type eps)
 <fig1.ps>

LaTeX Warning: Float too large for page by 68.4421pt on input line 257.


LaTeX Warning: Command \r invalid in math mode on input line 266.

[5] [6]
File: fig2.ps Graphic file (type eps)
 <fig2.ps>
Overfull \hbox (1.89728pt too wide) in paragraph at lines 270--271
[][] 
 []

[7]
File: fig3.ps Graphic file (type eps)
 <fig3.ps>
Overfull \hbox (8.10309pt too wide) in paragraph at lines 287--288
[][] 
 []

File: fig4.ps Graphic file (type eps)
<fig4.ps>
File: fig5.ps Graphic file (type eps)
 <fig5.ps> [8]

LaTeX Warning: A float is stuck (cannot be placed) on input line 315.


LaTeX Warning: A float is stuck (cannot be placed) on input line 315.


Class revtex4-1 Warning: Deferred float stuck during \clearpage processing.

[9]
Underfull \hbox (badness 10000) in paragraph at lines 350--352

 []

(./draft.bbl [10]) [11] (./draft.aux) ) 
Here is how much of TeX's memory you used:
 4364 strings out of 495062
 57502 string characters out of 1182645
 142493 words of memory out of 3000000
 7493 multiletter control sequences out of 15000+50000
 14437 words of font info for 58 fonts, out of 3000000 for 9000
 28 hyphenation exceptions out of 8191
 35i,13n,33p,2276b,473s stack positions out of 5000i,500n,10000p,200000b,50000s

Output written on draft.dvi (11 pages, 92428 bytes).
